<?xml version="1.0" encoding="UTF-8"?>
<testng-results skipped="0" failed="0" ignored="0" total="1" passed="1">
  <reporter-output>
  </reporter-output>
  <suite name="Default suite" duration-ms="1866" started-at="2020-01-08T03:46:16Z" finished-at="2020-01-08T03:46:18Z">
    <groups>
    </groups>
    <test name="Default test" duration-ms="1866" started-at="2020-01-08T03:46:16Z" finished-at="2020-01-08T03:46:18Z">
      <class name="tstproject.tstcart">
        <test-method status="PASS" signature="verifytab()[pri:0, instance:tstproject.tstcart@ae8e6e]" name="verifytab" duration-ms="1822" started-at="2020-01-08T03:46:16Z" finished-at="2020-01-08T03:46:18Z">
          <reporter-output>
          </reporter-output>
        </test-method> <!-- verifytab -->
      </class> <!-- tstproject.tstcart -->
    </test> <!-- Default test -->
  </suite> <!-- Default suite -->
</testng-results>
